<?xml version="1.0" encoding="UTF-8"?>
<!-- Generated by org.testng.reporters.JUnitXMLReporter -->
<testsuite ignored="0" hostname="hp" failures="0" tests="4" name="Test" time="82.772" errors="0" timestamp="2020-02-05T19:23:24 IST">
  <testcase classname="Academy.ValidateNavigationBar" name="basePageNavigation" time="0.219"/>
  <testcase classname="Academy.ValidateTitle" name="basePageNavigation" time="0.06"/>
  <testcase classname="Academy.HomePage" name="basePageNavigation" time="38.314"/>
  <testcase classname="Academy.HomePage" name="basePageNavigation" time="20.985"/>
</testsuite> <!-- Test -->
