<?xml version="1.0" encoding="UTF-8"?>
<!-- Generated by org.testng.reporters.JUnitXMLReporter -->
<testsuite hostname="hp" failures="0" tests="4" name="Test" time="70.808" errors="0" timestamp="5 Feb 2020 13:56:46 GMT">
  <testcase classname="Academy.ValidateNavigationBar" name="basePageNavigation" time="0.18"/>
  <testcase classname="Academy.ValidateTitle" name="basePageNavigation" time="0.048"/>
  <testcase classname="Academy.HomePage" name="basePageNavigation" time="23.464"/>
  <testcase classname="Academy.HomePage" name="basePageNavigation" time="19.271"/>
</testsuite> <!-- Test -->
