<?xml version="1.0" encoding="UTF-8"?>
<testsuite xmlns:xsi="http://www.w3.org/2001/XMLSchema-instance" xsi:noNamespaceSchemaLocation="https://maven.apache.org/surefire/maven-surefire-plugin/xsd/surefire-test-report-3.0.xsd" version="3.0" name="TestSuite" time="130.664" tests="4" errors="0" skipped="0" failures="0">
  <properties>
[...]
</properties>
  <testcase name="basePageNavigation" classname="Academy.ValidateNavigationBar" time="0.453"/>
  <testcase name="basePageNavigation" classname="Academy.ValidateTitle" time="0.06"/>
  <testcase name="basePageNavigation" classname="Academy.HomePage" time="35.339"/>
  <testcase name="basePageNavigation" classname="Academy.HomePage" time="28.101"/>
</testsuite>