<?xml version="1.0" encoding="UTF-8"?>
<testng-results total="4" passed="4" failed="0" skipped="0">
  <reporter-output>
  </reporter-output>
  <suite started-at="2020-02-06T06:26:12Z" name="Suite" finished-at="2020-02-06T06:28:18Z" duration-ms="125993">
    <groups>
    </groups>
    <test started-at="2020-02-06T06:26:12Z" name="ValidatingNavigation" finished-at="2020-02-06T06:26:48Z" duration-ms="35968">
      <class name="Academy.ValidateNavigationBar">
        <test-method is-config="true" signature="intialize()[pri:0, instance:Academy.ValidateNavigationBar@70fab835]" started-at="2020-02-06T11:56:12Z" name="intialize" finished-at="2020-02-06T11:56:45Z" duration-ms="32703" status="PASS">
          <reporter-output>
          </reporter-output>
        </test-method> <!-- intialize -->
        <test-method signature="basePageNavigation()[pri:0, instance:Academy.ValidateNavigationBar@70fab835]" started-at="2020-02-06T11:56:46Z" name="basePageNavigation" finished-at="2020-02-06T11:56:46Z" duration-ms="451" status="PASS">
          <reporter-output>
          </reporter-output>
        </test-method> <!-- basePageNavigation -->
        <test-method is-config="true" signature="teardown()[pri:0, instance:Academy.ValidateNavigationBar@70fab835]" started-at="2020-02-06T11:56:46Z" name="teardown" finished-at="2020-02-06T11:56:48Z" duration-ms="2125" status="PASS">
          <reporter-output>
          </reporter-output>
        </test-method> <!-- teardown -->
      </class> <!-- Academy.ValidateNavigationBar -->
    </test> <!-- ValidatingNavigation -->
    <test started-at="2020-02-06T06:26:49Z" name="ValidatingTitle" finished-at="2020-02-06T06:27:15Z" duration-ms="26233">
      <class name="Academy.ValidateTitle">
        <test-method is-config="true" signature="intialize()[pri:0, instance:Academy.ValidateTitle@459f7aa3]" started-at="2020-02-06T11:56:49Z" name="intialize" finished-at="2020-02-06T11:57:15Z" duration-ms="26098" status="PASS">
          <reporter-output>
          </reporter-output>
        </test-method> <!-- intialize -->
        <test-method signature="basePageNavigation()[pri:0, instance:Academy.ValidateTitle@459f7aa3]" started-at="2020-02-06T11:57:15Z" name="basePageNavigation" finished-at="2020-02-06T11:57:15Z" duration-ms="60" status="PASS">
          <reporter-output>
          </reporter-output>
        </test-method> <!-- basePageNavigation -->
        <test-method is-config="true" signature="teardown()[pri:0, instance:Academy.ValidateTitle@459f7aa3]" started-at="2020-02-06T11:57:15Z" name="teardown" finished-at="2020-02-06T11:57:15Z" duration-ms="74" status="PASS">
          <reporter-output>
          </reporter-output>
        </test-method> <!-- teardown -->
      </class> <!-- Academy.ValidateTitle -->
    </test> <!-- ValidatingTitle -->
    <test started-at="2020-02-06T06:27:15Z" name="validatingHomePage" finished-at="2020-02-06T06:28:18Z" duration-ms="63444">
      <class name="Academy.HomePage">
        <test-method signature="basePageNavigation(java.lang.String, java.lang.String, java.lang.String)[pri:0, instance:Academy.HomePage@43ed0ff3]" started-at="2020-02-06T11:57:15Z" name="basePageNavigation" data-provider="getData" finished-at="2020-02-06T11:57:50Z" duration-ms="35339" status="PASS">
          <params>
            <param index="0">
              <value>
                <![CDATA[nonrestricteduer@qw.com]]>
              </value>
            </param>
            <param index="1">
              <value>
                <![CDATA[12345]]>
              </value>
            </param>
            <param index="2">
              <value>
                <![CDATA[restricteduser]]>
              </value>
            </param>
          </params>
          <reporter-output>
          </reporter-output>
        </test-method> <!-- basePageNavigation -->
        <test-method signature="basePageNavigation(java.lang.String, java.lang.String, java.lang.String)[pri:0, instance:Academy.HomePage@43ed0ff3]" started-at="2020-02-06T11:57:50Z" name="basePageNavigation" data-provider="getData" finished-at="2020-02-06T11:58:18Z" duration-ms="28101" status="PASS">
          <params>
            <param index="0">
              <value>
                <![CDATA[nonrestricteduer@qw.com]]>
              </value>
            </param>
            <param index="1">
              <value>
                <![CDATA[12345]]>
              </value>
            </param>
            <param index="2">
              <value>
                <![CDATA[nonrestricteduser]]>
              </value>
            </param>
          </params>
          <reporter-output>
          </reporter-output>
        </test-method> <!-- basePageNavigation -->
      </class> <!-- Academy.HomePage -->
    </test> <!-- validatingHomePage -->
  </suite> <!-- Suite -->
</testng-results>
